<?xml version="1.0" encoding="UTF-8"?>
<!-- Generated by org.testng.reporters.JUnitReportReporter -->
<testsuite skipped="0" hostname="LAPTOP-OQ9NE1BK" name="maven.NewTest" tests="1" failures="0" timestamp="2022-07-22T21:05:26 IST" time="11.286" errors="0">
  <testcase name="f" time="11.286" classname="maven.NewTest"/>
  <system-out/>
</testsuite> <!-- maven.NewTest -->
